Arguments: 
  C:\Program Files\nodejs\node.exe C:\Users\MOZEY\AppData\Roaming\npm\node_modules\yarn\bin\yarn.js install --force

PATH: 
  C:\Users\MOZEY\bin;C:\Program Files\Git\mingw64\bin;C:\Program Files\Git\usr\local\bin;C:\Program Files\Git\usr\bin;C:\Program Files\Git\usr\bin;C:\Program Files\Git\mingw64\bin;C:\Program Files\Git\usr\bin;C:\Users\MOZEY\bin;C:\Windows\system32;C:\Windows;C:\Windows\System32\Wbem;C:\Windows\System32\WindowsPowerShell\v1.0;C:\Program Files\Git\cmd;C:\Program Files\nodejs;C:\Program Files (x86)\ATI Technologies\ATI.ACE\Core-Static;C:\Users\MOZEY\AppData\Roaming\npm;C:\Users\MOZEY\AppData\Local\Programs\Microsoft VS Code\bin;C:\Program Files\Java\jdk-13.0.2\bin;C:\Program Files\heroku\bin;C:\Program Files\Git\usr\bin\vendor_perl;C:\Program Files\Git\usr\bin\core_perl

Yarn version: 
  1.22.19

Node version: 
  16.14.2

Platform: 
  win32 x64

Trace: 
  Error: Client network socket disconnected before secure TLS connection was established
      at connResetException (node:internal/errors:691:14)
      at TLSSocket.onConnectEnd (node:_tls_wrap:1585:19)
      at TLSSocket.emit (node:events:538:35)
      at endReadableNT (node:internal/streams/readable:1345:12)
      at processTicksAndRejections (node:internal/process/task_queues:83:21)

npm manifest: 
  {
    "name": "emplug",
    "version": "0.1.0",
    "homepage": "",
    "private": true,
    "dependencies": {
      "@date-io/date-fns": "^1.3.13",
      "@fortawesome/free-regular-svg-icons": "^5.15.4",
      "@fortawesome/free-solid-svg-icons": "^5.15.4",
      "@fullcalendar/core": "^5.4.0",
      "@fullcalendar/daygrid": "^5.4.0",
      "@fullcalendar/interaction": "^5.4.0",
      "@fullcalendar/react": "^5.4.0",
      "@fullcalendar/timegrid": "^5.4.0",
      "@lls/react-light-calendar": "^2.2.0",
      "@loadable/component": "^5.14.1",
      "@material-ui/core": "^4.11.1",
      "@material-ui/pickers": "^3.2.10",
      "@reduxjs/toolkit": "^1.8.1",
      "@svg-maps/usa": "^1.1.1",
      "@svg-maps/world": "^1.0.1",
      "@sweetalert/with-react": "^0.1.1",
      "@syncfusion/ej2-base": "^18.3.52",
      "@syncfusion/ej2-react-charts": "^18.3.52",
      "@testing-library/jest-dom": "^5.11.6",
      "@testing-library/react": "^11.2.2",
      "@testing-library/user-event": "^12.2.2",
      "@tinymce/tinymce-react": "^3.10.1",
      "@y0c/react-datepicker": "^1.0.4",
      "apexcharts": "^3.22.2",
      "axios": "^0.21.1",
      "backblaze-b2": "^1.7.0",
      "bootstrap": "^4.5.3",
      "bootstrap-daterangepicker": "^3.1.0",
      "chart.js": "^2.9.4",
      "chartist": "^0.11.4",
      "chartist-plugin-tooltips-updated": "^0.1.3",
      "chartjs-plugin-streaming": "^1.8.0",
      "create-react-class": "^15.7.0",
      "date-fns": "^2.16.1",
      "draft-js": "^0.11.7",
      "formik": "^2.2.6",
      "html-to-draftjs": "^1.5.0",
      "material-ui": "^0.20.2",
      "material-ui-color-picker": "^3.5.1",
      "metismenujs": "^1.2.1",
      "naija-state-local-government": "^1.1.2",
      "nouislider-react": "^3.3.9",
      "p-min-delay": "^3.1.0",
      "phosphor-react": "^1.3.1",
      "rc-color-picker": "^1.2.6",
      "react": "^17.0.2",
      "react-apexcharts": "^1.3.7",
      "react-avatar": "^4.1.0",
      "react-beautiful-dnd": "^13.1.0",
      "react-bootstrap": "^2.4.0",
      "react-bootstrap-daterangepicker": "^7.0.0",
      "react-bootstrap-sweetalert": "^5.2.0",
      "react-calendar": "^3.2.1",
      "react-chartist": "^0.14.3",
      "react-chartjs": "^1.2.0",
      "react-chartjs-2": "^2.11.1",
      "react-countup": "^5.2.0",
      "react-csv": "^2.2.2",
      "react-date-range": "^1.1.3",
      "react-dom": "^17.0.1",
      "react-draft-wysiwyg": "^1.14.5",
      "react-dropzone-uploader": "^2.11.0",
      "react-form-builder2": "^0.9.5",
      "react-gradient-timepicker": "0.0.3",
      "react-input-colorpicker": "^1.0.13",
      "react-linear-gradient-picker": "^1.1.4",
      "react-multi-date-picker": "^3.3.0",
      "react-multiselect-dropdown-bootstrap": "^1.0.16",
      "react-multistep": "^5.1.0",
      "react-nestable": "^1.3.0",
      "react-perfect-scrollbar": "^1.5.8",
      "react-phone-input-2": "^2.14.0",
      "react-redux": "^7.2.4",
      "react-resize-detector": "^5.2.0",
      "react-router-dom": "^5.2.0",
      "react-rte": "^0.16.3",
      "react-scripts": "4.0.1",
      "react-select": "^3.1.1",
      "react-select-country-list": "^2.2.3",
      "react-slick": "^0.27.13",
      "react-smooth-dnd": "^0.11.1",
      "react-sparklines": "^1.7.0",
      "react-star-ratings-component": "^1.0.1",
      "react-summernote": "^2.0.2",
      "react-svg-map": "^2.1.2",
      "react-table": "^7.7.0",
      "react-times": "^3.1.12",
      "react-toastify": "^6.1.0",
      "react-toggle": "^4.1.2",
      "reactstrap": "^8.9.0",
      "recharts": "^1.8.5",
      "redux-form": "^8.3.7",
      "redux-logger": "^3.0.6",
      "redux-persist": "^6.0.0",
      "redux-thunk": "^2.3.0",
      "simple-react-lightbox": "^3.5.1",
      "slick-carousel": "^1.8.1",
      "sweetalert": "^2.1.2",
      "sweetalert2": "^11.4.14",
      "swiper": "^6.5.9",
      "use-scroll-position": "0.0.4",
      "web-vitals": "^0.2.4",
      "yup": "^0.32.8"
    },
    "scripts": {
      "start": "react-scripts start",
      "build": "npm cache clean -f && npm install --legacy-peer-deps && react-scripts build",
      "test": "react-scripts test",
      "eject": "react-scripts eject"
    },
    "browserslist": {
      "production": [
        ">0.2%",
        "not dead",
        "not op_mini all"
      ],
      "development": [
        "last 1 chrome version",
        "last 1 firefox version",
        "last 1 safari version"
      ]
    }
  }

yarn manifest: 
  No manifest

Lockfile: 
  No lockfile
